python : Traceback (most recent call last):
At line:1 char:1
+ python scripts/compile_contract.py > compile_log_2.txt 2>&1
+ ~~~~~~~~~~~~~~~~~~~~~~~~~~~~~~~~~~~~~~~~~~~~~~~~~~~~~~~~~~~
    + CategoryInfo          : NotSpecified: (Traceback (most recent call last)::String) [], RemoteException
    + FullyQualifiedErrorId : NativeCommandError
 
  File "C:\Users\genci\.gemini\antigravity\scratch\monad-agent-dating\scripts\compile_contract.py", line 49, in <module
>
    compile_contract()
    ~~~~~~~~~~~~~~~~^^
  File "C:\Users\genci\.gemini\antigravity\scratch\monad-agent-dating\scripts\compile_contract.py", line 45, in compile
_contract
    print("\u2705 Contract compiled and saved to contracts/AgentDating.json")
    ~~~~~^^^^^^^^^^^^^^^^^^^^^^^^^^^^^^^^^^^^^^^^^^^^^^^^^^^^^^^^^^^^^^^^
  File "C:\Users\genci\AppData\Local\Python\pythoncore-3.14-64\Lib\encodings\cp1252.py", line 19, in encode
    return codecs.charmap_encode(input,self.errors,encoding_table)[0]
           ~~~~~~~~~~~~~~~~~~~~~^^^^^^^^^^^^^^^^^^^^^^^^^^^^^^^^^^
UnicodeEncodeError: 'charmap' codec can't encode character '\u2705' in position 0: character maps to <undefined>
Installing Solidity compiler 0.8.20...
Compiling contracts/AgentDating.sol...
Error during compilation: 'charmap' codec can't encode character '\u2705' in position 0: character maps to <undefined>
